{"contracts/NftMarketplace.sol":{"l":{"56":15,"57":15,"58":1,"60":14,"63":13,"64":13,"65":2,"67":11,"75":18,"76":18,"77":18,"78":0,"80":18,"102":14,"103":1,"106":13,"107":13,"108":0,"110":13,"111":13,"121":7,"122":7,"123":1,"129":6,"130":6,"132":6,"137":6,"145":2,"146":2,"158":2,"159":2,"163":2,"164":2,"165":1,"167":1,"168":1,"169":1,"170":0,"182":3,"186":4},"path":"/home/wahaj/fullstack-nft-marketplace/hardhat-backend/contracts/NftMarketplace.sol","s":{"1":15,"2":15,"3":13,"4":13,"5":18,"6":18,"7":18,"8":14,"9":13,"10":13,"11":13,"12":13,"13":7,"14":7,"15":6,"16":6,"17":6,"18":2,"19":2,"20":2,"21":2,"22":2,"23":1,"24":1,"25":1,"26":3,"27":4},"b":{"1":[1,14],"2":[2,11],"3":[0,18],"4":[1,13],"5":[0,13],"6":[1,6],"7":[1,1],"8":[0,1]},"f":{"1":15,"2":13,"3":18,"4":14,"5":7,"6":2,"7":2,"8":2,"9":3,"10":4},"fnMap":{"1":{"name":"notListed","line":55,"loc":{"start":{"line":55,"column":4},"end":{"line":61,"column":4}}},"2":{"name":"isListed","line":62,"loc":{"start":{"line":62,"column":4},"end":{"line":68,"column":4}}},"3":{"name":"isOwner","line":70,"loc":{"start":{"line":70,"column":4},"end":{"line":81,"column":4}}},"4":{"name":"listItem","line":100,"loc":{"start":{"line":93,"column":4},"end":{"line":112,"column":4}}},"5":{"name":"buyItem","line":119,"loc":{"start":{"line":115,"column":4},"end":{"line":138,"column":4}}},"6":{"name":"cancelListing","line":143,"loc":{"start":{"line":140,"column":4},"end":{"line":147,"column":4}}},"7":{"name":"updateListing","line":156,"loc":{"start":{"line":149,"column":4},"end":{"line":160,"column":4}}},"8":{"name":"withdrawProceeds","line":162,"loc":{"start":{"line":162,"column":4},"end":{"line":172,"column":4}}},"9":{"name":"getListing","line":177,"loc":{"start":{"line":177,"column":4},"end":{"line":183,"column":4}}},"10":{"name":"getProceeds","line":185,"loc":{"start":{"line":185,"column":4},"end":{"line":187,"column":4}}}},"statementMap":{"1":{"start":{"line":56,"column":8},"end":{"line":56,"column":63}},"2":{"start":{"line":57,"column":8},"end":{"line":57,"column":1694}},"3":{"start":{"line":63,"column":8},"end":{"line":63,"column":63}},"4":{"start":{"line":64,"column":8},"end":{"line":64,"column":1951}},"5":{"start":{"line":75,"column":8},"end":{"line":75,"column":41}},"6":{"start":{"line":76,"column":8},"end":{"line":76,"column":47}},"7":{"start":{"line":77,"column":8},"end":{"line":77,"column":2279}},"8":{"start":{"line":102,"column":8},"end":{"line":102,"column":2892}},"9":{"start":{"line":106,"column":8},"end":{"line":106,"column":41}},"10":{"start":{"line":107,"column":8},"end":{"line":107,"column":3105}},"11":{"start":{"line":110,"column":8},"end":{"line":110,"column":66}},"12":{"start":{"line":111,"column":8},"end":{"line":111,"column":63}},"13":{"start":{"line":121,"column":8},"end":{"line":121,"column":67}},"14":{"start":{"line":122,"column":8},"end":{"line":122,"column":3727}},"15":{"start":{"line":129,"column":8},"end":{"line":129,"column":50}},"16":{"start":{"line":132,"column":8},"end":{"line":132,"column":4163}},"17":{"start":{"line":137,"column":8},"end":{"line":137,"column":75}},"18":{"start":{"line":146,"column":8},"end":{"line":146,"column":59}},"19":{"start":{"line":158,"column":8},"end":{"line":158,"column":54}},"20":{"start":{"line":159,"column":8},"end":{"line":159,"column":66}},"21":{"start":{"line":163,"column":8},"end":{"line":163,"column":49}},"22":{"start":{"line":164,"column":8},"end":{"line":164,"column":5127}},"23":{"start":{"line":167,"column":8},"end":{"line":167,"column":33}},"24":{"start":{"line":168,"column":8},"end":{"line":168,"column":72}},"25":{"start":{"line":169,"column":8},"end":{"line":169,"column":5325}},"26":{"start":{"line":182,"column":8},"end":{"line":182,"column":45}},"27":{"start":{"line":186,"column":8},"end":{"line":186,"column":33}}},"branchMap":{"1":{"line":57,"type":"if","locations":[{"start":{"line":57,"column":8},"end":{"line":57,"column":8}},{"start":{"line":57,"column":8},"end":{"line":57,"column":8}}]},"2":{"line":64,"type":"if","locations":[{"start":{"line":64,"column":8},"end":{"line":64,"column":8}},{"start":{"line":64,"column":8},"end":{"line":64,"column":8}}]},"3":{"line":77,"type":"if","locations":[{"start":{"line":77,"column":8},"end":{"line":77,"column":8}},{"start":{"line":77,"column":8},"end":{"line":77,"column":8}}]},"4":{"line":102,"type":"if","locations":[{"start":{"line":102,"column":8},"end":{"line":102,"column":8}},{"start":{"line":102,"column":8},"end":{"line":102,"column":8}}]},"5":{"line":107,"type":"if","locations":[{"start":{"line":107,"column":8},"end":{"line":107,"column":8}},{"start":{"line":107,"column":8},"end":{"line":107,"column":8}}]},"6":{"line":122,"type":"if","locations":[{"start":{"line":122,"column":8},"end":{"line":122,"column":8}},{"start":{"line":122,"column":8},"end":{"line":122,"column":8}}]},"7":{"line":164,"type":"if","locations":[{"start":{"line":164,"column":8},"end":{"line":164,"column":8}},{"start":{"line":164,"column":8},"end":{"line":164,"column":8}}]},"8":{"line":169,"type":"if","locations":[{"start":{"line":169,"column":8},"end":{"line":169,"column":8}},{"start":{"line":169,"column":8},"end":{"line":169,"column":8}}]}}},"contracts/test/BasicNft.sol":{"l":{"14":3,"18":17,"19":17,"20":17,"26":0,"30":0},"path":"/home/wahaj/fullstack-nft-marketplace/hardhat-backend/contracts/test/BasicNft.sol","s":{"1":3,"2":17,"3":17,"4":0,"5":0},"b":{},"f":{"1":3,"2":17,"3":0,"4":0},"fnMap":{"1":{"name":"constructor","line":13,"loc":{"start":{"line":13,"column":4},"end":{"line":15,"column":4}}},"2":{"name":"mintNft","line":17,"loc":{"start":{"line":17,"column":4},"end":{"line":21,"column":4}}},"3":{"name":"tokenURI","line":23,"loc":{"start":{"line":23,"column":4},"end":{"line":27,"column":4}}},"4":{"name":"getTokenCounter","line":29,"loc":{"start":{"line":29,"column":4},"end":{"line":31,"column":4}}}},"statementMap":{"1":{"start":{"line":14,"column":8},"end":{"line":14,"column":25}},"2":{"start":{"line":18,"column":8},"end":{"line":18,"column":44}},"3":{"start":{"line":20,"column":8},"end":{"line":20,"column":29}},"4":{"start":{"line":26,"column":8},"end":{"line":26,"column":24}},"5":{"start":{"line":30,"column":8},"end":{"line":30,"column":29}}},"branchMap":{}}}