TN:
SF:/home/wahaj/fullstack-nft-marketplace/hardhat-backend/contracts/NftMarketplace.sol
FN:55,notListed
FN:62,isListed
FN:70,isOwner
FN:100,listItem
FN:119,buyItem
FN:143,cancelListing
FN:156,updateListing
FN:162,withdrawProceeds
FN:177,getListing
FN:185,getProceeds
FNF:10
FNH:10
FNDA:15,notListed
FNDA:13,isListed
FNDA:18,isOwner
FNDA:14,listItem
FNDA:7,buyItem
FNDA:2,cancelListing
FNDA:2,updateListing
FNDA:2,withdrawProceeds
FNDA:3,getListing
FNDA:4,getProceeds
DA:56,15
DA:57,15
DA:58,1
DA:60,14
DA:63,13
DA:64,13
DA:65,2
DA:67,11
DA:75,18
DA:76,18
DA:77,18
DA:78,0
DA:80,18
DA:102,14
DA:103,1
DA:106,13
DA:107,13
DA:108,0
DA:110,13
DA:111,13
DA:121,7
DA:122,7
DA:123,1
DA:129,6
DA:130,6
DA:132,6
DA:137,6
DA:145,2
DA:146,2
DA:158,2
DA:159,2
DA:163,2
DA:164,2
DA:165,1
DA:167,1
DA:168,1
DA:169,1
DA:170,0
DA:182,3
DA:186,4
LF:40
LH:37
BRDA:57,1,0,1
BRDA:57,1,1,14
BRDA:64,2,0,2
BRDA:64,2,1,11
BRDA:77,3,0,0
BRDA:77,3,1,18
BRDA:102,4,0,1
BRDA:102,4,1,13
BRDA:107,5,0,0
BRDA:107,5,1,13
BRDA:122,6,0,1
BRDA:122,6,1,6
BRDA:164,7,0,1
BRDA:164,7,1,1
BRDA:169,8,0,0
BRDA:169,8,1,1
BRF:16
BRH:13
end_of_record
TN:
SF:/home/wahaj/fullstack-nft-marketplace/hardhat-backend/contracts/test/BasicNft.sol
FN:13,constructor
FN:17,mintNft
FN:23,tokenURI
FN:29,getTokenCounter
FNF:4
FNH:2
FNDA:3,constructor
FNDA:17,mintNft
FNDA:0,tokenURI
FNDA:0,getTokenCounter
DA:14,3
DA:18,17
DA:19,17
DA:20,17
DA:26,0
DA:30,0
LF:6
LH:4
BRF:0
BRH:0
end_of_record
